{
  "stats": {
    "suites": 3,
    "tests": 3,
    "passes": 2,
    "pending": 0,
    "failures": 1,
    "start": "2024-11-24T18:03:05.818Z",
    "end": "2024-11-24T18:03:11.914Z",
    "duration": 6096,
    "testsRegistered": 3,
    "passPercent": 66.66666666666666,
    "pendingPercent": 0,
    "other": 0,
    "hasOther": false,
    "skipped": 0,
    "hasSkipped": false
  },
  "results": [
    {
      "uuid": "19245e45-bdf5-47f1-bd89-b75e28d1191c",
      "title": "",
      "fullFile": "",
      "file": "",
      "beforeHooks": [],
      "afterHooks": [],
      "tests": [],
      "suites": [
        {
          "uuid": "4e66ab16-5af0-4453-b699-3d1f7694d49b",
          "title": "add a correct name (assert)",
          "fullFile": "C:\\Users\\ssama\\Documents\\seleniumDemo\\test\\seleniumTest.js",
          "file": "\\test\\seleniumTest.js",
          "beforeHooks": [],
          "afterHooks": [],
          "tests": [
            {
              "title": "successfully adds 'SELENIUM' == 'SELENIUM'",
              "fullTitle": "add a correct name (assert) successfully adds 'SELENIUM' == 'SELENIUM'",
              "timedOut": null,
              "duration": 3730,
              "state": "failed",
              "speed": null,
              "pass": false,
              "fail": true,
              "pending": false,
              "context": null,
              "code": "let driver = await new Builder().forBrowser(\"firefox\").build();\n//navigate to the application\nawait driver.get(\"file:///C:/Users/ssama/Downloads/lista-pai-natal.html\");\n//add a element\nawait driver.findElement(By.id(\"nome-prenda\")).sendKeys(\"SELENIUM\");\nawait driver.findElement(By.id(\"adicionar\")).sendKeys(Key.RETURN);\n//assert\nlet inputText = await driver\n  .findElement(By.xpath(\"//li[last()]\"))\n  .getText()\n  .then(function (value) {\n    return value;\n  });\n//assert using chai should\ninputText.should.equal(\"SELENIUM\");\nassert.strictEqual(inputText, \"SELENIUM1\");\n//close the browser\nawait driver.quit();",
              "err": {
                "message": "AssertionError: Expected values to be strictly equal:\n+ actual - expected\n\n+ 'SELENIUM'\n- 'SELENIUM1'\n           ^",
                "estack": "AssertionError [ERR_ASSERTION]: Expected values to be strictly equal:\n+ actual - expected\n\n+ 'SELENIUM'\n- 'SELENIUM1'\n           ^\n    at Context.<anonymous> (test\\seleniumTest.js:27:12)\n    at process.processTicksAndRejections (node:internal/process/task_queues:95:5)",
                "diff": "- SELENIUM\n+ SELENIUM1\n"
              },
              "uuid": "0a9288b7-6afd-4b2f-9522-1a72badfd914",
              "parentUUID": null,
              "isHook": false,
              "skipped": false
            }
          ],
          "suites": [],
          "passes": [],
          "failures": [
            "0a9288b7-6afd-4b2f-9522-1a72badfd914"
          ],
          "pending": [],
          "skipped": [],
          "duration": 3730,
          "root": false,
          "rootEmpty": false,
          "_timeout": null
        },
        {
          "uuid": "2bfc15f2-3339-4702-a701-8d365df43294",
          "title": "add a correct name",
          "fullFile": "C:\\Users\\ssama\\Documents\\seleniumDemo\\test\\firstTest.js",
          "file": "\\test\\firstTest.js",
          "beforeHooks": [],
          "afterHooks": [],
          "tests": [
            {
              "title": "successfully adds 'SELENIUM' == 'SELENIUM'",
              "fullTitle": "add a correct name successfully adds 'SELENIUM' == 'SELENIUM'",
              "timedOut": null,
              "duration": 4987,
              "state": "passed",
              "speed": "slow",
              "pass": true,
              "fail": false,
              "pending": false,
              "context": null,
              "code": "let driver = await new Builder().forBrowser(\"firefox\").build();\n//navigate to the application\nawait driver.get(\"file:///C:/Users/ssama/Downloads/lista-pai-natal.html\");\n//add a element\nawait driver.findElement(By.id(\"nome-prenda\")).sendKeys(\"SELENIUM\");\nawait driver.findElement(By.id(\"adicionar\")).sendKeys(Key.RETURN);\n//assert\nlet inputText = await driver\n  .findElement(By.xpath(\"//li[last()]\"))\n  .getText()\n  .then(function (value) {\n    return value;\n  });\n//assert using chai should\ninputText.should.equal(\"SELENIUM\");\n//close the browser\nawait driver.quit();",
              "err": {},
              "uuid": "2480deea-f36a-4098-a61c-ec9a42f33d3d",
              "parentUUID": null,
              "isHook": false,
              "skipped": false
            }
          ],
          "suites": [],
          "passes": [
            "2480deea-f36a-4098-a61c-ec9a42f33d3d"
          ],
          "failures": [],
          "pending": [],
          "skipped": [],
          "duration": 4987,
          "root": false,
          "rootEmpty": false,
          "_timeout": null
        },
        {
          "uuid": "7707c5da-af0b-4547-844b-4d908e84bc93",
          "title": "add a wrong name",
          "fullFile": "C:\\Users\\ssama\\Documents\\seleniumDemo\\test\\secondTest.js",
          "file": "\\test\\secondTest.js",
          "beforeHooks": [],
          "afterHooks": [],
          "tests": [
            {
              "title": "successfully adds 'JOHN' != 'SELENIUM'",
              "fullTitle": "add a wrong name successfully adds 'JOHN' != 'SELENIUM'",
              "timedOut": null,
              "duration": 5801,
              "state": "passed",
              "speed": "slow",
              "pass": true,
              "fail": false,
              "pending": false,
              "context": null,
              "code": "let driver = await new Builder().forBrowser(\"firefox\").build();\n//navigate to the application\nawait driver.get(\"file:///C:/Users/ssama/Downloads/lista-pai-natal.html\");\n//add a element\nawait driver.findElement(By.id(\"nome-prenda\")).sendKeys(\"JOHN\");\nawait driver.findElement(By.id(\"adicionar\")).sendKeys(Key.RETURN);\n//assert\nlet inputText = await driver\n  .findElement(By.xpath(\"//li[last()]\"))\n  .getText()\n  .then(function (value) {\n    return value;\n  });\n//assert using chai should\ninputText.should.not.equal(\"SELENIUM\");\n//close the browser\nawait driver.quit();",
              "err": {},
              "uuid": "b33f7c67-3880-4ccf-a908-e1b0676ff03f",
              "parentUUID": null,
              "isHook": false,
              "skipped": false
            }
          ],
          "suites": [],
          "passes": [
            "b33f7c67-3880-4ccf-a908-e1b0676ff03f"
          ],
          "failures": [],
          "pending": [],
          "skipped": [],
          "duration": 5801,
          "root": false,
          "rootEmpty": false,
          "_timeout": null
        }
      ],
      "passes": [],
      "failures": [],
      "pending": [],
      "skipped": [],
      "duration": 0,
      "root": true,
      "rootEmpty": true,
      "_timeout": 0
    }
  ],
  "meta": {
    "mocha": {
      "version": "10.8.2"
    },
    "mochawesome": {
      "options": {
        "quiet": false,
        "reportFilename": "mochawesome",
        "saveHtml": true,
        "saveJson": true,
        "consoleReporter": "spec",
        "useInlineDiffs": false,
        "code": true
      },
      "version": "7.1.3"
    },
    "marge": {
      "options": null,
      "version": "6.2.0"
    }
  }
}